<?xml version="1.0" encoding="UTF-8"?>
<testsuite xmlns:xsi="http://www.w3.org/2001/XMLSchema-instance" xsi:noNamespaceSchemaLocation="https://maven.apache.org/surefire/maven-surefire-plugin/xsd/surefire-test-report-3.0.xsd" version="3.0" name="com.fbcorp.gleo.service.TicketImportServiceTest" time="1.793" tests="3" errors="0" skipped="0" failures="0">
  <properties>
[...]
</properties>
  <testcase name="skipsDuplicatesAndCapturesErrors" classname="com.fbcorp.gleo.service.TicketImportServiceTest" time="0.086">
    <system-out><![CDATA[2025-11-19T20:31:02.582+02:00  INFO 30660 --- [           main] t.c.s.AnnotationConfigContextLoaderUtils : Could not detect default configuration classes for test class [com.fbcorp.gleo.service.TicketImportServiceTest]: TicketImportServiceTest does not declare any static, non-private, non-final, nested classes annotated with @Configuration.
2025-11-19T20:31:02.606+02:00  INFO 30660 --- [           main] .b.t.c.SpringBootTestContextBootstrapper : Found @SpringBootConfiguration com.fbcorp.gleo.GleoApplication for test class com.fbcorp.gleo.service.TicketImportServiceTest
2025-11-19T20:31:02.609+02:00  INFO 30660 --- [           main] o.s.b.d.r.RestartApplicationListener     : Restart disabled due to context in which it is running

  .   ____          _            __ _ _
 /\\ / ___'_ __ _ _(_)_ __  __ _ \ \ \ \
( ( )\___ | '_ | '_| | '_ \/ _` | \ \ \ \
 \\/  ___)| |_)| | | | | || (_| |  ) ) ) )
  '  |____| .__|_| |_|_| |_\__, | / / / /
 =========|_|==============|___/=/_/_/_/

 :: Spring Boot ::                (v3.3.4)

2025-11-19T20:31:02.643+02:00  INFO 30660 --- [           main] c.f.g.service.TicketImportServiceTest    : Starting TicketImportServiceTest using Java 17.0.16 with PID 30660 (started by ahmed ghobashy in c:\Users\ahmed ghobashy\Desktop\gleo)
2025-11-19T20:31:02.643+02:00  INFO 30660 --- [           main] c.f.g.service.TicketImportServiceTest    : No active profile set, falling back to 1 default profile: "default"
2025-11-19T20:31:02.765+02:00  INFO 30660 --- [           main] .s.d.r.c.RepositoryConfigurationDelegate : Bootstrapping Spring Data JPA repositories in DEFAULT mode.
2025-11-19T20:31:02.803+02:00  INFO 30660 --- [           main] .s.d.r.c.RepositoryConfigurationDelegate : Finished Spring Data repository scanning in 37 ms. Found 14 JPA repository interfaces.
2025-11-19T20:31:02.816+02:00  INFO 30660 --- [           main] beddedDataSourceBeanFactoryPostProcessor : Replacing 'dataSource' DataSource bean with embedded version
2025-11-19T20:31:02.868+02:00  INFO 30660 --- [           main] o.s.j.d.e.EmbeddedDatabaseFactory        : Starting embedded database: url='jdbc:h2:mem:301cc93c-f96d-436b-b48a-16475d7bfc62;DB_CLOSE_DELAY=-1;DB_CLOSE_ON_EXIT=false', username='sa'
2025-11-19T20:31:02.892+02:00  INFO 30660 --- [           main] o.hibernate.jpa.internal.util.LogHelper  : HHH000204: Processing PersistenceUnitInfo [name: default]
2025-11-19T20:31:02.896+02:00  INFO 30660 --- [           main] o.h.c.internal.RegionFactoryInitiator    : HHH000026: Second-level cache disabled
2025-11-19T20:31:02.908+02:00  INFO 30660 --- [           main] o.s.o.j.p.SpringPersistenceUnitInfo      : No LoadTimeWeaver setup: ignoring JPA class transformer
2025-11-19T20:31:02.911+02:00  WARN 30660 --- [           main] org.hibernate.orm.deprecation            : HHH90000025: H2Dialect does not need to be specified explicitly using 'hibernate.dialect' (remove the property setting and it will be selected by default)
2025-11-19T20:31:03.150+02:00  INFO 30660 --- [           main] o.h.e.t.j.p.i.JtaPlatformInitiator       : HHH000489: No JTA platform available (set 'hibernate.transaction.jta.platform' to enable JTA platform integration)
Hibernate: create table admin_preferences (id bigint generated by default as identity, menu_order_json text, theme varchar(50), user_id bigint, primary key (id))
Hibernate: create table audit_log (id bigint generated by default as identity, action varchar(255), created_at timestamp(6) with time zone, details varchar(2000), username varchar(255), primary key (id))
Hibernate: create table audit_log_entries (id bigint generated by default as identity, category enum ('EVENT','MENU','TICKET','USER','VENDOR'), created_at timestamp(6) not null, message varchar(255) not null, username varchar(255), primary key (id))
Hibernate: create table events (id bigint generated by default as identity, block_add_when_open_order boolean not null, code varchar(255) not null, enable_guest_pickup_confirm boolean not null, enable_multi_vendor_cart boolean not null, end_at timestamp(6), name varchar(255), regular_one_item_per_vendor boolean not null, require_vendor_pin_for_pickup boolean not null, start_at timestamp(6), primary key (id))
Hibernate: create table menu_items (id bigint generated by default as identity, available boolean not null, category varchar(255), category_order integer, image_path varchar(255), max_per_order integer, name varchar(255) not null, price numeric(38,2), vendor_id bigint not null, primary key (id))
Hibernate: create table order_items (id bigint generated by default as identity, qty integer not null, menu_item_id bigint not null, order_id bigint not null, primary key (id))
Hibernate: create table orders (id bigint generated by default as identity, confirmed_by_guest boolean not null, confirmed_staff_pin_last4 varchar(255), created_at timestamp(6), status enum ('CANCELLED','COMPLETED','NEW','PREPARING','READY'), vendor_order_number integer not null, event_id bigint not null, ticket_id bigint not null, vendor_id bigint not null, primary key (id))
Hibernate: create table promo_codes (id bigint generated by default as identity, active boolean not null, code varchar(64) not null, description varchar(255), discount_type enum ('AMOUNT','PERCENTAGE') not null, discount_value numeric(10,2) not null, event_id bigint not null, primary key (id))
Hibernate: create table roles (id bigint generated by default as identity, name varchar(255) not null, primary key (id))
Hibernate: create table ticket_import_logs (id bigint generated by default as identity, created_at timestamp(6), duplicate_rows integer not null, error_count integer not null, error_sample varchar(2000), imported_rows integer not null, invalid_rows integer not null, total_rows integer not null, username varchar(255), event_id bigint not null, primary key (id))
Hibernate: create table tickets (id bigint generated by default as identity, active boolean not null, bound_device_hash varchar(255), checked_in boolean not null, checked_in_at timestamp(6), holder_name varchar(255), holder_phone varchar(255), qr_code varchar(255) not null, serial varchar(255), tier_code enum ('REG','VIP'), event_id bigint not null, primary key (id))
Hibernate: create table tier_category_limits (tier_policy_id bigint not null, max_items integer, category varchar(255) not null, primary key (tier_policy_id, category))
Hibernate: create table tier_consumption (id bigint generated by default as identity, total_items_consumed integer not null, event_id bigint not null, locked_vendor_id bigint, ticket_id bigint not null, primary key (id))
Hibernate: create table tier_consumption_categories (tier_consumption_id bigint not null, items_consumed integer, category varchar(255) not null, primary key (tier_consumption_id, category))
Hibernate: create table tier_consumption_vendors (tier_consumption_id bigint not null, items_consumed integer, vendor_id bigint not null, primary key (tier_consumption_id, vendor_id))
Hibernate: create table tier_policies (id bigint generated by default as identity, max_items_per_vendor integer, one_item_per_category boolean, one_vendor_only boolean, tier_code enum ('REG','VIP') not null, unlimited boolean not null, event_id bigint not null, primary key (id))
Hibernate: create table user_roles (user_id bigint not null, role_id bigint not null, primary key (user_id, role_id))
Hibernate: create table users (id bigint generated by default as identity, password varchar(255) not null, username varchar(255) not null, event_id bigint, vendor_id bigint, primary key (id))
Hibernate: create table vendors (id bigint generated by default as identity, active boolean not null, image_path varchar(255), name varchar(255) not null, pin_plain varchar(255), status enum ('AVAILABLE','BREAK','BUSY'), event_id bigint not null, primary key (id))
Hibernate: alter table if exists admin_preferences drop constraint if exists UK2cgnr2asid6hnhf29pni7mrn4
Hibernate: alter table if exists admin_preferences add constraint UK2cgnr2asid6hnhf29pni7mrn4 unique (user_id)
Hibernate: alter table if exists events drop constraint if exists UKtg20yx4f9jmk6g7wjsil67oo4
Hibernate: alter table if exists events add constraint UKtg20yx4f9jmk6g7wjsil67oo4 unique (code)
Hibernate: alter table if exists promo_codes drop constraint if exists UKitpi8ui0h9lngs90fski2uxcs
Hibernate: alter table if exists promo_codes add constraint UKitpi8ui0h9lngs90fski2uxcs unique (event_id, code)
Hibernate: alter table if exists roles drop constraint if exists UKofx66keruapi6vyqpv6f2or37
Hibernate: alter table if exists roles add constraint UKofx66keruapi6vyqpv6f2or37 unique (name)
Hibernate: alter table if exists tickets drop constraint if exists UK136k8tqvcn833mi3tjgqktnx2
Hibernate: alter table if exists tickets add constraint UK136k8tqvcn833mi3tjgqktnx2 unique (qr_code)
Hibernate: alter table if exists tier_policies drop constraint if exists UKm54q5lvygt071q98lipcyd64k
Hibernate: alter table if exists tier_policies add constraint UKm54q5lvygt071q98lipcyd64k unique (event_id, tier_code)
Hibernate: alter table if exists users drop constraint if exists UKr43af9ap4edm43mmtq01oddj6
Hibernate: alter table if exists users add constraint UKr43af9ap4edm43mmtq01oddj6 unique (username)
Hibernate: alter table if exists admin_preferences add constraint FK4mhofsuxoxbvu8cvf6rta0pqc foreign key (user_id) references users
Hibernate: alter table if exists menu_items add constraint FKmv8b8f2lesk5fmqouqhwuhsiy foreign key (vendor_id) references vendors
Hibernate: alter table if exists order_items add constraint FKdtfg1f49yr5yye2fpl2xid2xo foreign key (menu_item_id) references menu_items
Hibernate: alter table if exists order_items add constraint FKbioxgbv59vetrxe0ejfubep1w foreign key (order_id) references orders
Hibernate: alter table if exists orders add constraint FK43g2yroy6l7lfomw37wajkqrn foreign key (event_id) references events
Hibernate: alter table if exists orders add constraint FK56s83c9boy7i8d9v4kf9a9979 foreign key (ticket_id) references tickets
Hibernate: alter table if exists orders add constraint FKb1443sk0bxprtkqree3o2qk90 foreign key (vendor_id) references vendors
Hibernate: alter table if exists promo_codes add constraint FKsi1hv7yvg0fhor50j26rl6kq7 foreign key (event_id) references events
Hibernate: alter table if exists ticket_import_logs add constraint FK9693rtvk5kv26blq7c6rowovm foreign key (event_id) references events
Hibernate: alter table if exists tickets add constraint FK3utafe14rupaypjocldjaj4ol foreign key (event_id) references events
Hibernate: alter table if exists tier_category_limits add constraint FKl208vbjwdh4kc0uwttqgvsdpx foreign key (tier_policy_id) references tier_policies
Hibernate: alter table if exists tier_consumption add constraint FKq1ka9kg44kah1v4270p7crq3r foreign key (event_id) references events
Hibernate: alter table if exists tier_consumption add constraint FK8g5802qaoclwinf35gdjja7n8 foreign key (locked_vendor_id) references vendors
Hibernate: alter table if exists tier_consumption add constraint FKluesfca2e6kpwg3orfs2mfvkk foreign key (ticket_id) references tickets
Hibernate: alter table if exists tier_consumption_categories add constraint FK94n0aiyykhhdskhlw0w6onw6m foreign key (tier_consumption_id) references tier_consumption
Hibernate: alter table if exists tier_consumption_vendors add constraint FKeusbhrq8ew7ssoqfa3ra9n4qh foreign key (tier_consumption_id) references tier_consumption
Hibernate: alter table if exists tier_policies add constraint FK2kyvi97eek77xpflcv6i470pk foreign key (event_id) references events
Hibernate: alter table if exists user_roles add constraint FKh8ciramu9cc9q3qcqiv4ue8a6 foreign key (role_id) references roles
Hibernate: alter table if exists user_roles add constraint FKhfh9dx7w3ubf1co1vdev94g3f foreign key (user_id) references users
Hibernate: alter table if exists users add constraint FK1psuuwpuxnf8wb4jp6pah4gie foreign key (event_id) references events
Hibernate: alter table if exists users add constraint FKp3aufrqlptl7jn77avemkbpxr foreign key (vendor_id) references vendors
Hibernate: alter table if exists vendors add constraint FKl3a67lo83j80ftj9e2iiab68n foreign key (event_id) references events
2025-11-19T20:31:03.182+02:00  INFO 30660 --- [           main] j.LocalContainerEntityManagerFactoryBean : Initialized JPA EntityManagerFactory for persistence unit 'default'
2025-11-19T20:31:03.327+02:00  INFO 30660 --- [           main] c.f.g.service.TicketImportServiceTest    : Started TicketImportServiceTest in 0.718 seconds (process running for 17.123)
Hibernate: insert into events (block_add_when_open_order,code,enable_guest_pickup_confirm,enable_multi_vendor_cart,end_at,name,regular_one_item_per_vendor,require_vendor_pin_for_pickup,start_at,id) values (?,?,?,?,?,?,?,?,?,default)
Hibernate: insert into tickets (active,bound_device_hash,checked_in,checked_in_at,event_id,holder_name,holder_phone,qr_code,serial,tier_code,id) values (?,?,?,?,?,?,?,?,?,?,default)
Hibernate: select t1_0.id,t1_0.active,t1_0.bound_device_hash,t1_0.checked_in,t1_0.checked_in_at,t1_0.event_id,t1_0.holder_name,t1_0.holder_phone,t1_0.qr_code,t1_0.serial,t1_0.tier_code from tickets t1_0 where t1_0.event_id=?
Hibernate: select t1_0.id,t1_0.active,t1_0.bound_device_hash,t1_0.checked_in,t1_0.checked_in_at,t1_0.event_id,t1_0.holder_name,t1_0.holder_phone,t1_0.qr_code,t1_0.serial,t1_0.tier_code from tickets t1_0 where t1_0.qr_code=?
]]></system-out>
  </testcase>
  <testcase name="importsTicketsFromCsv" classname="com.fbcorp.gleo.service.TicketImportServiceTest" time="0.012">
    <system-out><![CDATA[Hibernate: insert into events (block_add_when_open_order,code,enable_guest_pickup_confirm,enable_multi_vendor_cart,end_at,name,regular_one_item_per_vendor,require_vendor_pin_for_pickup,start_at,id) values (?,?,?,?,?,?,?,?,?,default)
Hibernate: select t1_0.id,t1_0.active,t1_0.bound_device_hash,t1_0.checked_in,t1_0.checked_in_at,t1_0.event_id,t1_0.holder_name,t1_0.holder_phone,t1_0.qr_code,t1_0.serial,t1_0.tier_code from tickets t1_0 where t1_0.event_id=?
Hibernate: insert into tickets (active,bound_device_hash,checked_in,checked_in_at,event_id,holder_name,holder_phone,qr_code,serial,tier_code,id) values (?,?,?,?,?,?,?,?,?,?,default)
Hibernate: select t1_0.id,t1_0.active,t1_0.bound_device_hash,t1_0.checked_in,t1_0.checked_in_at,t1_0.event_id,t1_0.holder_name,t1_0.holder_phone,t1_0.qr_code,t1_0.serial,t1_0.tier_code from tickets t1_0 where t1_0.qr_code=?
]]></system-out>
  </testcase>
  <testcase name="importsTicketsFromExcelWorkbook" classname="com.fbcorp.gleo.service.TicketImportServiceTest" time="0.938">
    <system-out><![CDATA[Hibernate: insert into events (block_add_when_open_order,code,enable_guest_pickup_confirm,enable_multi_vendor_cart,end_at,name,regular_one_item_per_vendor,require_vendor_pin_for_pickup,start_at,id) values (?,?,?,?,?,?,?,?,?,default)
Hibernate: select t1_0.id,t1_0.active,t1_0.bound_device_hash,t1_0.checked_in,t1_0.checked_in_at,t1_0.event_id,t1_0.holder_name,t1_0.holder_phone,t1_0.qr_code,t1_0.serial,t1_0.tier_code from tickets t1_0 where t1_0.event_id=?
Hibernate: insert into tickets (active,bound_device_hash,checked_in,checked_in_at,event_id,holder_name,holder_phone,qr_code,serial,tier_code,id) values (?,?,?,?,?,?,?,?,?,?,default)
Hibernate: select t1_0.id,t1_0.active,t1_0.bound_device_hash,t1_0.checked_in,t1_0.checked_in_at,t1_0.event_id,t1_0.holder_name,t1_0.holder_phone,t1_0.qr_code,t1_0.serial,t1_0.tier_code from tickets t1_0 where t1_0.qr_code=?
]]></system-out>
  </testcase>
</testsuite>