<?xml version="1.0" encoding="UTF-8"?>
<testsuite xmlns:xsi="http://www.w3.org/2001/XMLSchema-instance" xsi:noNamespaceSchemaLocation="https://maven.apache.org/surefire/maven-surefire-plugin/xsd/surefire-test-report-3.0.xsd" version="3.0" name="com.fbcorp.gleo.web.HomeControllerTest" time="5.431" tests="1" errors="0" skipped="0" failures="0">
  <properties>
[...]
</properties>
  <testcase name="guestLandingPageLoadsWithVendors" classname="com.fbcorp.gleo.web.HomeControllerTest" time="1.197">
    <system-out><![CDATA[2025-10-24T07:41:42.165+03:00  INFO 63184 --- [           main] t.c.s.AnnotationConfigContextLoaderUtils : Could not detect default configuration classes for test class [com.fbcorp.gleo.web.HomeControllerTest]: HomeControllerTest does not declare any static, non-private, non-final, nested classes annotated with @Configuration.
2025-10-24T07:41:42.213+03:00  INFO 63184 --- [           main] .b.t.c.SpringBootTestContextBootstrapper : Found @SpringBootConfiguration com.fbcorp.gleo.GleoApplication for test class com.fbcorp.gleo.web.HomeControllerTest

  .   ____          _            __ _ _
 /\\ / ___'_ __ _ _(_)_ __  __ _ \ \ \ \
( ( )\___ | '_ | '_| | '_ \/ _` | \ \ \ \
 \\/  ___)| |_)| | | | | || (_| |  ) ) ) )
  '  |____| .__|_| |_|_| |_\__, | / / / /
 =========|_|==============|___/=/_/_/_/

 :: Spring Boot ::                (v3.3.4)

2025-10-24T07:41:42.298+03:00  INFO 63184 --- [           main] com.fbcorp.gleo.web.HomeControllerTest   : Starting HomeControllerTest using Java 17.0.16 with PID 63184 (started by ahmed ghobashy in C:\Users\ahmed ghobashy\Desktop\gleo)
2025-10-24T07:41:42.300+03:00  INFO 63184 --- [           main] com.fbcorp.gleo.web.HomeControllerTest   : No active profile set, falling back to 1 default profile: "default"
2025-10-24T07:41:43.144+03:00  INFO 63184 --- [           main] .s.d.r.c.RepositoryConfigurationDelegate : Bootstrapping Spring Data JPA repositories in DEFAULT mode.
2025-10-24T07:41:43.290+03:00  INFO 63184 --- [           main] .s.d.r.c.RepositoryConfigurationDelegate : Finished Spring Data repository scanning in 145 ms. Found 11 JPA repository interfaces.
2025-10-24T07:41:43.677+03:00  INFO 63184 --- [           main] o.hibernate.jpa.internal.util.LogHelper  : HHH000204: Processing PersistenceUnitInfo [name: default]
2025-10-24T07:41:43.687+03:00  INFO 63184 --- [           main] o.h.c.internal.RegionFactoryInitiator    : HHH000026: Second-level cache disabled
2025-10-24T07:41:43.749+03:00  INFO 63184 --- [           main] o.s.o.j.p.SpringPersistenceUnitInfo      : No LoadTimeWeaver setup: ignoring JPA class transformer
2025-10-24T07:41:43.755+03:00  INFO 63184 --- [           main] com.zaxxer.hikari.HikariDataSource       : HikariPool-2 - Starting...
2025-10-24T07:41:43.760+03:00  INFO 63184 --- [           main] com.zaxxer.hikari.pool.HikariPool        : HikariPool-2 - Added connection conn16: url=jdbc:h2:mem:testdb user=SA
2025-10-24T07:41:43.760+03:00  INFO 63184 --- [           main] com.zaxxer.hikari.HikariDataSource       : HikariPool-2 - Start completed.
2025-10-24T07:41:43.762+03:00  WARN 63184 --- [           main] org.hibernate.orm.deprecation            : HHH90000025: H2Dialect does not need to be specified explicitly using 'hibernate.dialect' (remove the property setting and it will be selected by default)
2025-10-24T07:41:44.361+03:00  INFO 63184 --- [           main] o.h.e.t.j.p.i.JtaPlatformInitiator       : HHH000489: No JTA platform available (set 'hibernate.transaction.jta.platform' to enable JTA platform integration)
2025-10-24T07:41:44.453+03:00  INFO 63184 --- [           main] j.LocalContainerEntityManagerFactoryBean : Initialized JPA EntityManagerFactory for persistence unit 'default'
2025-10-24T07:41:45.101+03:00  WARN 63184 --- [           main] JpaBaseConfiguration$JpaWebConfiguration : spring.jpa.open-in-view is enabled by default. Therefore, database queries may be performed during view rendering. Explicitly configure spring.jpa.open-in-view to disable this warning
2025-10-24T07:41:45.125+03:00  INFO 63184 --- [           main] eAuthenticationProviderManagerConfigurer : Global AuthenticationManager configured with AuthenticationProvider bean with name authenticationProvider
2025-10-24T07:41:45.128+03:00  WARN 63184 --- [           main] r$InitializeUserDetailsManagerConfigurer : Global AuthenticationManager configured with an AuthenticationProvider bean. UserDetailsService beans will not be used for username/password login. Consider removing the AuthenticationProvider bean. Alternatively, consider using the UserDetailsService in a manually instantiated DaoAuthenticationProvider.
2025-10-24T07:41:45.159+03:00  INFO 63184 --- [           main] o.s.b.a.w.s.WelcomePageHandlerMapping    : Adding welcome page template: index
2025-10-24T07:41:45.710+03:00  INFO 63184 --- [           main] o.s.b.t.m.w.SpringBootMockServletContext : Initializing Spring TestDispatcherServlet ''
2025-10-24T07:41:45.711+03:00  INFO 63184 --- [           main] o.s.t.web.servlet.TestDispatcherServlet  : Initializing Servlet ''
2025-10-24T07:41:45.715+03:00  INFO 63184 --- [           main] o.s.t.web.servlet.TestDispatcherServlet  : Completed initialization in 4 ms
2025-10-24T07:41:45.741+03:00  INFO 63184 --- [           main] com.fbcorp.gleo.web.HomeControllerTest   : Started HomeControllerTest in 3.514 seconds (process running for 32.994)
]]></system-out>
  </testcase>
</testsuite>