<?xml version="1.0" encoding="UTF-8"?>
<testsuite xmlns:xsi="http://www.w3.org/2001/XMLSchema-instance" xsi:noNamespaceSchemaLocation="https://maven.apache.org/surefire/maven-surefire-plugin/xsd/surefire-test-report-3.0.xsd" version="3.0" name="com.fbcorp.gleo.service.TicketImportServiceTest" time="18.249" tests="3" errors="0" skipped="0" failures="0">
  <properties>
[...]
</properties>
  <testcase name="skipsDuplicatesAndCapturesErrors" classname="com.fbcorp.gleo.service.TicketImportServiceTest" time="1.884">
    <system-out><![CDATA[07:41:14.946 [main] INFO org.springframework.test.context.support.AnnotationConfigContextLoaderUtils -- Could not detect default configuration classes for test class [com.fbcorp.gleo.service.TicketImportServiceTest]: TicketImportServiceTest does not declare any static, non-private, non-final, nested classes annotated with @Configuration.
07:41:15.396 [main] INFO org.springframework.boot.test.context.SpringBootTestContextBootstrapper -- Found @SpringBootConfiguration com.fbcorp.gleo.GleoApplication for test class com.fbcorp.gleo.service.TicketImportServiceTest

  .   ____          _            __ _ _
 /\\ / ___'_ __ _ _(_)_ __  __ _ \ \ \ \
( ( )\___ | '_ | '_| | '_ \/ _` | \ \ \ \
 \\/  ___)| |_)| | | | | || (_| |  ) ) ) )
  '  |____| .__|_| |_|_| |_\__, | / / / /
 =========|_|==============|___/=/_/_/_/

 :: Spring Boot ::                (v3.3.4)

2025-10-24T07:41:16.776+03:00  INFO 63184 --- [           main] c.f.g.service.TicketImportServiceTest    : Starting TicketImportServiceTest using Java 17.0.16 with PID 63184 (started by ahmed ghobashy in C:\Users\ahmed ghobashy\Desktop\gleo)
2025-10-24T07:41:16.781+03:00  INFO 63184 --- [           main] c.f.g.service.TicketImportServiceTest    : No active profile set, falling back to 1 default profile: "default"
2025-10-24T07:41:18.006+03:00  INFO 63184 --- [           main] .s.d.r.c.RepositoryConfigurationDelegate : Bootstrapping Spring Data JPA repositories in DEFAULT mode.
2025-10-24T07:41:18.320+03:00  INFO 63184 --- [           main] .s.d.r.c.RepositoryConfigurationDelegate : Finished Spring Data repository scanning in 288 ms. Found 11 JPA repository interfaces.
2025-10-24T07:41:18.548+03:00  INFO 63184 --- [           main] beddedDataSourceBeanFactoryPostProcessor : Replacing 'dataSource' DataSource bean with embedded version
2025-10-24T07:41:19.207+03:00  INFO 63184 --- [           main] o.s.j.d.e.EmbeddedDatabaseFactory        : Starting embedded database: url='jdbc:h2:mem:1298eac3-616b-4abd-adc5-35d853f9e009;DB_CLOSE_DELAY=-1;DB_CLOSE_ON_EXIT=false', username='sa'
2025-10-24T07:41:20.015+03:00  INFO 63184 --- [           main] o.hibernate.jpa.internal.util.LogHelper  : HHH000204: Processing PersistenceUnitInfo [name: default]
2025-10-24T07:41:20.224+03:00  INFO 63184 --- [           main] org.hibernate.Version                    : HHH000412: Hibernate ORM core version 6.5.3.Final
2025-10-24T07:41:20.342+03:00  INFO 63184 --- [           main] o.h.c.internal.RegionFactoryInitiator    : HHH000026: Second-level cache disabled
2025-10-24T07:41:21.509+03:00  INFO 63184 --- [           main] o.s.o.j.p.SpringPersistenceUnitInfo      : No LoadTimeWeaver setup: ignoring JPA class transformer
2025-10-24T07:41:21.732+03:00  WARN 63184 --- [           main] org.hibernate.orm.deprecation            : HHH90000025: H2Dialect does not need to be specified explicitly using 'hibernate.dialect' (remove the property setting and it will be selected by default)
2025-10-24T07:41:24.954+03:00  INFO 63184 --- [           main] o.h.e.t.j.p.i.JtaPlatformInitiator       : HHH000489: No JTA platform available (set 'hibernate.transaction.jta.platform' to enable JTA platform integration)
Hibernate: create table audit_log_entries (id bigint generated by default as identity, category enum ('EVENT','MENU','TICKET','USER','VENDOR'), created_at timestamp(6) not null, message varchar(255) not null, username varchar(255), primary key (id))
Hibernate: create table events (id bigint generated by default as identity, block_add_when_open_order boolean not null, code varchar(255) not null, enable_guest_pickup_confirm boolean not null, enable_multi_vendor_cart boolean not null, end_at timestamp(6), name varchar(255), regular_one_item_per_vendor boolean not null, require_vendor_pin_for_pickup boolean not null, start_at timestamp(6), primary key (id))
Hibernate: create table menu_items (id bigint generated by default as identity, available boolean not null, max_per_order integer, name varchar(255) not null, price numeric(38,2), vendor_id bigint not null, primary key (id))
Hibernate: create table order_items (id bigint generated by default as identity, qty integer not null, menu_item_id bigint not null, order_id bigint not null, primary key (id))
Hibernate: create table orders (id bigint generated by default as identity, confirmed_by_guest boolean not null, confirmed_staff_pin_last4 varchar(255), created_at timestamp(6), status enum ('CANCELLED','COMPLETED','NEW','PREPARING','READY'), event_id bigint not null, ticket_id bigint not null, vendor_id bigint not null, primary key (id))
Hibernate: create table roles (id bigint generated by default as identity, name varchar(255) not null, primary key (id))
Hibernate: create table ticket_import_logs (id bigint generated by default as identity, created_at timestamp(6), duplicate_rows integer not null, error_count integer not null, error_sample varchar(2000), imported_rows integer not null, invalid_rows integer not null, total_rows integer not null, username varchar(255), event_id bigint not null, primary key (id))
Hibernate: create table tickets (id bigint generated by default as identity, active boolean not null, bound_device_hash varchar(255), holder_name varchar(255), holder_phone varchar(255), qr_code varchar(255) not null, serial varchar(255), tier_code enum ('REG','VIP'), event_id bigint not null, primary key (id))
Hibernate: create table tier_consumption (id bigint generated by default as identity, total_items_consumed integer not null, event_id bigint not null, ticket_id bigint not null, vendor_id bigint not null, primary key (id))
Hibernate: create table tier_policies (id bigint generated by default as identity, max_items_per_vendor integer, tier_code enum ('REG','VIP') not null, unlimited boolean not null, event_id bigint not null, primary key (id))
Hibernate: create table user_roles (user_id bigint not null, role_id bigint not null, primary key (user_id, role_id))
Hibernate: create table users (id bigint generated by default as identity, password varchar(255) not null, username varchar(255) not null, event_id bigint, vendor_id bigint, primary key (id))
Hibernate: create table vendors (id bigint generated by default as identity, active boolean not null, image_path varchar(255), name varchar(255) not null, pin_plain varchar(255), event_id bigint not null, primary key (id))
Hibernate: alter table if exists events drop constraint if exists UKtg20yx4f9jmk6g7wjsil67oo4
Hibernate: alter table if exists events add constraint UKtg20yx4f9jmk6g7wjsil67oo4 unique (code)
Hibernate: alter table if exists roles drop constraint if exists UKofx66keruapi6vyqpv6f2or37
Hibernate: alter table if exists roles add constraint UKofx66keruapi6vyqpv6f2or37 unique (name)
Hibernate: alter table if exists tickets drop constraint if exists UK136k8tqvcn833mi3tjgqktnx2
Hibernate: alter table if exists tickets add constraint UK136k8tqvcn833mi3tjgqktnx2 unique (qr_code)
Hibernate: alter table if exists tier_consumption drop constraint if exists UK133teo6oqjip5jwdxmv5i4108
Hibernate: alter table if exists tier_consumption add constraint UK133teo6oqjip5jwdxmv5i4108 unique (event_id, ticket_id, vendor_id)
Hibernate: alter table if exists tier_policies drop constraint if exists UKm54q5lvygt071q98lipcyd64k
Hibernate: alter table if exists tier_policies add constraint UKm54q5lvygt071q98lipcyd64k unique (event_id, tier_code)
Hibernate: alter table if exists users drop constraint if exists UKr43af9ap4edm43mmtq01oddj6
Hibernate: alter table if exists users add constraint UKr43af9ap4edm43mmtq01oddj6 unique (username)
Hibernate: alter table if exists menu_items add constraint FKmv8b8f2lesk5fmqouqhwuhsiy foreign key (vendor_id) references vendors
Hibernate: alter table if exists order_items add constraint FKdtfg1f49yr5yye2fpl2xid2xo foreign key (menu_item_id) references menu_items
Hibernate: alter table if exists order_items add constraint FKbioxgbv59vetrxe0ejfubep1w foreign key (order_id) references orders
Hibernate: alter table if exists orders add constraint FK43g2yroy6l7lfomw37wajkqrn foreign key (event_id) references events
Hibernate: alter table if exists orders add constraint FK56s83c9boy7i8d9v4kf9a9979 foreign key (ticket_id) references tickets
Hibernate: alter table if exists orders add constraint FKb1443sk0bxprtkqree3o2qk90 foreign key (vendor_id) references vendors
Hibernate: alter table if exists ticket_import_logs add constraint FK9693rtvk5kv26blq7c6rowovm foreign key (event_id) references events
Hibernate: alter table if exists tickets add constraint FK3utafe14rupaypjocldjaj4ol foreign key (event_id) references events
Hibernate: alter table if exists tier_consumption add constraint FKq1ka9kg44kah1v4270p7crq3r foreign key (event_id) references events
Hibernate: alter table if exists tier_consumption add constraint FKluesfca2e6kpwg3orfs2mfvkk foreign key (ticket_id) references tickets
Hibernate: alter table if exists tier_consumption add constraint FK9uere9dugestaagi8be8bld0r foreign key (vendor_id) references vendors
Hibernate: alter table if exists tier_policies add constraint FK2kyvi97eek77xpflcv6i470pk foreign key (event_id) references events
Hibernate: alter table if exists user_roles add constraint FKh8ciramu9cc9q3qcqiv4ue8a6 foreign key (role_id) references roles
Hibernate: alter table if exists user_roles add constraint FKhfh9dx7w3ubf1co1vdev94g3f foreign key (user_id) references users
Hibernate: alter table if exists users add constraint FK1psuuwpuxnf8wb4jp6pah4gie foreign key (event_id) references events
Hibernate: alter table if exists users add constraint FKp3aufrqlptl7jn77avemkbpxr foreign key (vendor_id) references vendors
Hibernate: alter table if exists vendors add constraint FKl3a67lo83j80ftj9e2iiab68n foreign key (event_id) references events
2025-10-24T07:41:25.288+03:00  INFO 63184 --- [           main] j.LocalContainerEntityManagerFactoryBean : Initialized JPA EntityManagerFactory for persistence unit 'default'
2025-10-24T07:41:27.080+03:00  INFO 63184 --- [           main] o.s.d.j.r.query.QueryEnhancerFactory     : Hibernate is in classpath; If applicable, HQL parser will be used.
2025-10-24T07:41:28.583+03:00  INFO 63184 --- [           main] c.f.g.service.TicketImportServiceTest    : Started TicketImportServiceTest in 12.93 seconds (process running for 15.836)
Hibernate: insert into events (block_add_when_open_order,code,enable_guest_pickup_confirm,enable_multi_vendor_cart,end_at,name,regular_one_item_per_vendor,require_vendor_pin_for_pickup,start_at,id) values (?,?,?,?,?,?,?,?,?,default)
Hibernate: insert into tickets (active,bound_device_hash,event_id,holder_name,holder_phone,qr_code,serial,tier_code,id) values (?,?,?,?,?,?,?,?,default)
Hibernate: select t1_0.id,t1_0.active,t1_0.bound_device_hash,t1_0.event_id,t1_0.holder_name,t1_0.holder_phone,t1_0.qr_code,t1_0.serial,t1_0.tier_code from tickets t1_0 where t1_0.event_id=?
Hibernate: select t1_0.id,t1_0.active,t1_0.bound_device_hash,t1_0.event_id,t1_0.holder_name,t1_0.holder_phone,t1_0.qr_code,t1_0.serial,t1_0.tier_code from tickets t1_0 where t1_0.qr_code=?
]]></system-out>
  </testcase>
  <testcase name="importsTicketsFromCsv" classname="com.fbcorp.gleo.service.TicketImportServiceTest" time="0.059">
    <system-out><![CDATA[Hibernate: insert into events (block_add_when_open_order,code,enable_guest_pickup_confirm,enable_multi_vendor_cart,end_at,name,regular_one_item_per_vendor,require_vendor_pin_for_pickup,start_at,id) values (?,?,?,?,?,?,?,?,?,default)
Hibernate: select t1_0.id,t1_0.active,t1_0.bound_device_hash,t1_0.event_id,t1_0.holder_name,t1_0.holder_phone,t1_0.qr_code,t1_0.serial,t1_0.tier_code from tickets t1_0 where t1_0.event_id=?
Hibernate: insert into tickets (active,bound_device_hash,event_id,holder_name,holder_phone,qr_code,serial,tier_code,id) values (?,?,?,?,?,?,?,?,default)
Hibernate: select t1_0.id,t1_0.active,t1_0.bound_device_hash,t1_0.event_id,t1_0.holder_name,t1_0.holder_phone,t1_0.qr_code,t1_0.serial,t1_0.tier_code from tickets t1_0 where t1_0.qr_code=?
]]></system-out>
  </testcase>
  <testcase name="importsTicketsFromExcelWorkbook" classname="com.fbcorp.gleo.service.TicketImportServiceTest" time="2.083">
    <system-out><![CDATA[Hibernate: insert into events (block_add_when_open_order,code,enable_guest_pickup_confirm,enable_multi_vendor_cart,end_at,name,regular_one_item_per_vendor,require_vendor_pin_for_pickup,start_at,id) values (?,?,?,?,?,?,?,?,?,default)
Hibernate: select t1_0.id,t1_0.active,t1_0.bound_device_hash,t1_0.event_id,t1_0.holder_name,t1_0.holder_phone,t1_0.qr_code,t1_0.serial,t1_0.tier_code from tickets t1_0 where t1_0.event_id=?
Hibernate: insert into tickets (active,bound_device_hash,event_id,holder_name,holder_phone,qr_code,serial,tier_code,id) values (?,?,?,?,?,?,?,?,default)
Hibernate: select t1_0.id,t1_0.active,t1_0.bound_device_hash,t1_0.event_id,t1_0.holder_name,t1_0.holder_phone,t1_0.qr_code,t1_0.serial,t1_0.tier_code from tickets t1_0 where t1_0.qr_code=?
]]></system-out>
  </testcase>
</testsuite>